2022-09-20 16:55:27.816 [background-preinit] INFO  org.hibernate.validator.internal.util.Version - HV000001: Hibernate Validator 6.0.12.Final
2022-09-20 16:55:27.917 [main] INFO  c.c.f.f.internals.provider.DefaultServerProvider - Environment is set to null. Because it is not available in either (1) JVM system property 'env', (2) OS env variable 'ENV' nor (3) property 'env' from the properties InputStream.
2022-09-20 16:55:42.375 [main] INFO  com.fzs.iotcard.business.BusinessApplication - Starting BusinessApplication on chasedeMacBook-Pro.local with PID 5872 (/Users/chase/IdeaProjects/company/iotcard/business-service/target/classes started by chase in /Users/chase/IdeaProjects/company/iotcard)
2022-09-20 16:55:42.375 [main] INFO  com.fzs.iotcard.business.BusinessApplication - The following profiles are active: chase-elk
2022-09-20 16:55:44.993 [main] INFO  o.s.d.r.config.RepositoryConfigurationDelegate - Multiple Spring Data modules found, entering strict repository configuration mode!
2022-09-20 16:55:44.997 [main] INFO  o.s.d.r.config.RepositoryConfigurationDelegate - Bootstrapping Spring Data Redis repositories in DEFAULT mode.
2022-09-20 16:55:45.102 [main] INFO  o.s.d.r.config.RepositoryConfigurationDelegate - Finished Spring Data repository scanning in 93ms. Found 0 Redis repository interfaces.
2022-09-20 16:55:46.480 [main] INFO  o.s.boot.web.embedded.tomcat.TomcatWebServer - Tomcat initialized with port(s): 8090 (http)
2022-09-20 16:55:46.489 [main] INFO  org.apache.coyote.http11.Http11NioProtocol - Initializing ProtocolHandler ["http-nio-8090"]
2022-09-20 16:55:46.489 [main] INFO  org.apache.catalina.core.StandardService - Starting service [Tomcat]
2022-09-20 16:55:46.489 [main] INFO  org.apache.catalina.core.StandardEngine - Starting Servlet engine: [Apache Tomcat/9.0.38]
2022-09-20 16:55:46.671 [main] INFO  o.a.c.c.C.[Tomcat].[localhost].[/iotcard-buss] - Initializing Spring embedded WebApplicationContext
2022-09-20 16:55:46.672 [main] INFO  o.s.b.w.s.c.ServletWebServerApplicationContext - Root WebApplicationContext: initialization completed in 3993 ms
2022-09-20 16:55:51.186 [main] INFO  org.redisson.Version - Redisson 3.11.2
2022-09-20 16:56:03.694 [main] INFO  org.apache.catalina.core.StandardService - Stopping service [Tomcat]
2022-09-20 16:56:03.741 [main] INFO  o.s.b.a.l.ConditionEvaluationReportLoggingListener - 

Error starting ApplicationContext. To display the conditions report re-run your application with 'debug' enabled.
2022-09-20 16:59:54.246 [background-preinit] INFO  org.hibernate.validator.internal.util.Version - HV000001: Hibernate Validator 6.0.12.Final
2022-09-20 16:59:54.385 [main] INFO  c.c.f.f.internals.provider.DefaultServerProvider - Environment is set to null. Because it is not available in either (1) JVM system property 'env', (2) OS env variable 'ENV' nor (3) property 'env' from the properties InputStream.
2022-09-20 17:00:11.978 [background-preinit] INFO  org.hibernate.validator.internal.util.Version - HV000001: Hibernate Validator 6.0.12.Final
2022-09-20 17:00:12.094 [main] INFO  c.c.f.f.internals.provider.DefaultServerProvider - Environment is set to null. Because it is not available in either (1) JVM system property 'env', (2) OS env variable 'ENV' nor (3) property 'env' from the properties InputStream.
2022-09-20 17:00:26.340 [main] INFO  com.fzs.iotcard.business.BusinessApplication - Starting BusinessApplication on chasedeMacBook-Pro.local with PID 6209 (/Users/chase/IdeaProjects/company/iotcard/business-service/target/classes started by chase in /Users/chase/IdeaProjects/company/iotcard)
2022-09-20 17:00:26.341 [main] INFO  com.fzs.iotcard.business.BusinessApplication - The following profiles are active: chase-elk
2022-09-20 17:00:29.056 [main] INFO  o.s.d.r.config.RepositoryConfigurationDelegate - Multiple Spring Data modules found, entering strict repository configuration mode!
2022-09-20 17:00:29.061 [main] INFO  o.s.d.r.config.RepositoryConfigurationDelegate - Bootstrapping Spring Data Redis repositories in DEFAULT mode.
2022-09-20 17:00:29.164 [main] INFO  o.s.d.r.config.RepositoryConfigurationDelegate - Finished Spring Data repository scanning in 92ms. Found 0 Redis repository interfaces.
2022-09-20 17:00:30.507 [main] INFO  o.s.boot.web.embedded.tomcat.TomcatWebServer - Tomcat initialized with port(s): 8090 (http)
2022-09-20 17:00:30.515 [main] INFO  org.apache.coyote.http11.Http11NioProtocol - Initializing ProtocolHandler ["http-nio-8090"]
2022-09-20 17:00:30.516 [main] INFO  org.apache.catalina.core.StandardService - Starting service [Tomcat]
2022-09-20 17:00:30.516 [main] INFO  org.apache.catalina.core.StandardEngine - Starting Servlet engine: [Apache Tomcat/9.0.38]
2022-09-20 17:00:30.637 [main] INFO  o.a.c.c.C.[Tomcat].[localhost].[/iotcard-buss] - Initializing Spring embedded WebApplicationContext
2022-09-20 17:00:30.637 [main] INFO  o.s.b.w.s.c.ServletWebServerApplicationContext - Root WebApplicationContext: initialization completed in 3926 ms
2022-09-20 17:00:35.015 [main] INFO  org.redisson.Version - Redisson 3.11.2
2022-09-20 17:00:47.536 [main] INFO  org.apache.catalina.core.StandardService - Stopping service [Tomcat]
2022-09-20 17:00:47.563 [main] INFO  o.s.b.a.l.ConditionEvaluationReportLoggingListener - 

Error starting ApplicationContext. To display the conditions report re-run your application with 'debug' enabled.
2022-09-20 17:06:19.815 [background-preinit] INFO  org.hibernate.validator.internal.util.Version - HV000001: Hibernate Validator 6.0.12.Final
2022-09-20 17:06:20.002 [main] INFO  c.c.f.f.internals.provider.DefaultServerProvider - Environment is set to null. Because it is not available in either (1) JVM system property 'env', (2) OS env variable 'ENV' nor (3) property 'env' from the properties InputStream.
2022-09-20 17:06:34.330 [main] INFO  com.fzs.iotcard.business.BusinessApplication - Starting BusinessApplication on chasedeMacBook-Pro.local with PID 6682 (/Users/chase/IdeaProjects/company/iotcard/business-service/target/classes started by chase in /Users/chase/IdeaProjects/company/iotcard)
2022-09-20 17:06:34.331 [main] INFO  com.fzs.iotcard.business.BusinessApplication - The following profiles are active: chase-elk
2022-09-20 17:06:37.712 [main] INFO  o.s.d.r.config.RepositoryConfigurationDelegate - Multiple Spring Data modules found, entering strict repository configuration mode!
2022-09-20 17:06:37.716 [main] INFO  o.s.d.r.config.RepositoryConfigurationDelegate - Bootstrapping Spring Data Redis repositories in DEFAULT mode.
2022-09-20 17:06:37.909 [main] INFO  o.s.d.r.config.RepositoryConfigurationDelegate - Finished Spring Data repository scanning in 168ms. Found 0 Redis repository interfaces.
2022-09-20 17:06:39.823 [main] INFO  o.s.boot.web.embedded.tomcat.TomcatWebServer - Tomcat initialized with port(s): 8090 (http)
2022-09-20 17:06:39.838 [main] INFO  org.apache.coyote.http11.Http11NioProtocol - Initializing ProtocolHandler ["http-nio-8090"]
2022-09-20 17:06:39.840 [main] INFO  org.apache.catalina.core.StandardService - Starting service [Tomcat]
2022-09-20 17:06:39.840 [main] INFO  org.apache.catalina.core.StandardEngine - Starting Servlet engine: [Apache Tomcat/9.0.38]
2022-09-20 17:06:40.065 [main] INFO  o.a.c.c.C.[Tomcat].[localhost].[/iotcard-buss] - Initializing Spring embedded WebApplicationContext
2022-09-20 17:06:40.066 [main] INFO  o.s.b.w.s.c.ServletWebServerApplicationContext - Root WebApplicationContext: initialization completed in 5407 ms
2022-09-20 17:06:44.422 [main] INFO  org.redisson.Version - Redisson 3.11.2
2022-09-20 17:06:56.859 [main] INFO  org.apache.catalina.core.StandardService - Stopping service [Tomcat]
2022-09-20 17:06:56.900 [main] INFO  o.s.b.a.l.ConditionEvaluationReportLoggingListener - 

Error starting ApplicationContext. To display the conditions report re-run your application with 'debug' enabled.
2022-09-20 17:07:23.093 [background-preinit] INFO  org.hibernate.validator.internal.util.Version - HV000001: Hibernate Validator 6.0.12.Final
2022-09-20 17:07:23.283 [main] INFO  c.c.f.f.internals.provider.DefaultServerProvider - Environment is set to null. Because it is not available in either (1) JVM system property 'env', (2) OS env variable 'ENV' nor (3) property 'env' from the properties InputStream.
2022-09-20 17:07:37.648 [main] INFO  com.fzs.iotcard.business.BusinessApplication - Starting BusinessApplication on chasedeMacBook-Pro.local with PID 6784 (/Users/chase/IdeaProjects/company/iotcard/business-service/target/classes started by chase in /Users/chase/IdeaProjects/company/iotcard)
2022-09-20 17:07:37.649 [main] INFO  com.fzs.iotcard.business.BusinessApplication - The following profiles are active: chase-elk
2022-09-20 17:07:41.188 [main] INFO  o.s.d.r.config.RepositoryConfigurationDelegate - Multiple Spring Data modules found, entering strict repository configuration mode!
2022-09-20 17:07:41.200 [main] INFO  o.s.d.r.config.RepositoryConfigurationDelegate - Bootstrapping Spring Data Redis repositories in DEFAULT mode.
2022-09-20 17:07:41.424 [main] INFO  o.s.d.r.config.RepositoryConfigurationDelegate - Finished Spring Data repository scanning in 149ms. Found 0 Redis repository interfaces.
2022-09-20 17:07:43.241 [main] INFO  o.s.boot.web.embedded.tomcat.TomcatWebServer - Tomcat initialized with port(s): 8090 (http)
2022-09-20 17:07:43.253 [main] INFO  org.apache.coyote.http11.Http11NioProtocol - Initializing ProtocolHandler ["http-nio-8090"]
2022-09-20 17:07:43.257 [main] INFO  org.apache.catalina.core.StandardService - Starting service [Tomcat]
2022-09-20 17:07:43.258 [main] INFO  org.apache.catalina.core.StandardEngine - Starting Servlet engine: [Apache Tomcat/9.0.38]
2022-09-20 17:07:43.418 [main] INFO  o.a.c.c.C.[Tomcat].[localhost].[/iotcard-buss] - Initializing Spring embedded WebApplicationContext
2022-09-20 17:07:43.418 [main] INFO  o.s.b.w.s.c.ServletWebServerApplicationContext - Root WebApplicationContext: initialization completed in 5351 ms
2022-09-20 17:07:49.180 [main] INFO  org.redisson.Version - Redisson 3.11.2
2022-09-20 17:07:49.876 [redisson-netty-2-9] INFO  o.r.connection.pool.MasterPubSubConnectionPool - 1 connections initialized for 10.20.70.193/10.20.70.193:7003
2022-09-20 17:07:49.901 [redisson-netty-2-19] INFO  org.redisson.connection.pool.MasterConnectionPool - 24 connections initialized for 10.20.70.193/10.20.70.193:7003
2022-09-20 17:07:55.460 [main] INFO  com.zaxxer.hikari.HikariDataSource - HikariPool-1 - Starting...
2022-09-20 17:07:56.136 [main] INFO  com.zaxxer.hikari.HikariDataSource - HikariPool-1 - Start completed.
2022-09-20 17:07:57.956 [main] INFO  o.s.b.actuate.endpoint.web.EndpointLinksResolver - Exposing 2 endpoint(s) beneath base path '/actuator'
2022-09-20 17:08:00.179 [main] INFO  org.quartz.impl.StdSchedulerFactory - Using default implementation for ThreadExecutor
2022-09-20 17:08:00.194 [main] INFO  org.quartz.core.SchedulerSignalerImpl - Initialized Scheduler Signaller of type: class org.quartz.core.SchedulerSignalerImpl
2022-09-20 17:08:00.196 [main] INFO  org.quartz.core.QuartzScheduler - Quartz Scheduler v.2.3.2 created.
2022-09-20 17:08:00.200 [main] INFO  org.quartz.simpl.RAMJobStore - RAMJobStore initialized.
2022-09-20 17:08:00.201 [main] INFO  org.quartz.core.QuartzScheduler - Scheduler meta-data: Quartz Scheduler (v2.3.2) 'quartzScheduler' with instanceId 'NON_CLUSTERED'
  Scheduler class: 'org.quartz.core.QuartzScheduler' - running locally.
  NOT STARTED.
  Currently in standby mode.
  Number of jobs executed: 0
  Using thread pool 'org.quartz.simpl.SimpleThreadPool' - with 10 threads.
  Using job-store 'org.quartz.simpl.RAMJobStore' - which does not support persistence. and is not clustered.

2022-09-20 17:08:00.201 [main] INFO  org.quartz.impl.StdSchedulerFactory - Quartz scheduler 'quartzScheduler' initialized from an externally provided properties instance.
2022-09-20 17:08:00.201 [main] INFO  org.quartz.impl.StdSchedulerFactory - Quartz scheduler version: 2.3.2
2022-09-20 17:08:00.201 [main] INFO  org.quartz.core.QuartzScheduler - JobFactory set to: org.springframework.scheduling.quartz.SpringBeanJobFactory@61377842
2022-09-20 17:08:00.223 [main] INFO  o.s.scheduling.concurrent.ThreadPoolTaskScheduler - Initializing ExecutorService 'taskScheduler'
2022-09-20 17:08:00.682 [main] INFO  org.apache.coyote.http11.Http11NioProtocol - Starting ProtocolHandler ["http-nio-8090"]
2022-09-20 17:08:00.714 [main] INFO  o.s.boot.web.embedded.tomcat.TomcatWebServer - Tomcat started on port(s): 8090 (http) with context path '/iotcard-buss'
2022-09-20 17:08:00.717 [main] INFO  com.fzs.iotcard.common.config.StartEventListener - ---[ADMIN-SERVER]---启动完成，当前使用的端口:[8090]，环境变量:[chase-elk]---
2022-09-20 17:08:07.707 [main] INFO  o.s.a.rabbit.connection.CachingConnectionFactory - Attempting to connect to: [10.20.70.228:5672]
2022-09-20 17:08:08.041 [main] INFO  o.s.a.rabbit.connection.CachingConnectionFactory - Created new connection: rabbitConnectionFactory#57fb6900:0/SimpleConnection@e700641 [delegate=amqp://iot_test@10.20.70.228:5672/, localPort= 58830]
2022-09-20 17:08:08.069 [main] INFO  org.springframework.amqp.rabbit.core.RabbitAdmin - Auto-declaring a non-durable, auto-delete, or exclusive Queue (iot.queue.manual.gprs) durable:false, auto-delete:false, exclusive:false. It will be redeclared if the broker stops and is restarted while the connection factory is alive, but all messages will be lost.
2022-09-20 17:08:08.069 [main] INFO  org.springframework.amqp.rabbit.core.RabbitAdmin - Auto-declaring a non-durable, auto-delete, or exclusive Queue (iot.queue.manual.md) durable:false, auto-delete:false, exclusive:false. It will be redeclared if the broker stops and is restarted while the connection factory is alive, but all messages will be lost.
2022-09-20 17:08:08.069 [main] INFO  org.springframework.amqp.rabbit.core.RabbitAdmin - Auto-declaring a non-durable, auto-delete, or exclusive Queue (iot.queue.business.bill) durable:false, auto-delete:false, exclusive:false. It will be redeclared if the broker stops and is restarted while the connection factory is alive, but all messages will be lost.
2022-09-20 17:08:08.069 [main] INFO  org.springframework.amqp.rabbit.core.RabbitAdmin - Auto-declaring a non-durable, auto-delete, or exclusive Queue (iot.queue.packagechange) durable:false, auto-delete:false, exclusive:false. It will be redeclared if the broker stops and is restarted while the connection factory is alive, but all messages will be lost.
2022-09-20 17:08:08.069 [main] INFO  org.springframework.amqp.rabbit.core.RabbitAdmin - Auto-declaring a non-durable, auto-delete, or exclusive Queue (iot.queue.business.recharge) durable:false, auto-delete:false, exclusive:false. It will be redeclared if the broker stops and is restarted while the connection factory is alive, but all messages will be lost.
2022-09-20 17:08:08.069 [main] INFO  org.springframework.amqp.rabbit.core.RabbitAdmin - Auto-declaring a non-durable, auto-delete, or exclusive Queue (iot.queue.renewal) durable:false, auto-delete:false, exclusive:false. It will be redeclared if the broker stops and is restarted while the connection factory is alive, but all messages will be lost.
2022-09-20 17:08:08.069 [main] INFO  org.springframework.amqp.rabbit.core.RabbitAdmin - Auto-declaring a non-durable, auto-delete, or exclusive Queue (iot.queue.risk.isbindsyn.queue) durable:false, auto-delete:false, exclusive:false. It will be redeclared if the broker stops and is restarted while the connection factory is alive, but all messages will be lost.
2022-09-20 17:08:08.070 [main] INFO  org.springframework.amqp.rabbit.core.RabbitAdmin - Auto-declaring a non-durable, auto-delete, or exclusive Queue (iot.queue.risk.limitareasyn.ydzg.gz) durable:false, auto-delete:false, exclusive:false. It will be redeclared if the broker stops and is restarted while the connection factory is alive, but all messages will be lost.
2022-09-20 17:08:08.070 [main] INFO  org.springframework.amqp.rabbit.core.RabbitAdmin - Auto-declaring a non-durable, auto-delete, or exclusive Queue (iot.queue.risk.limitareasyn.ydzg.by) durable:false, auto-delete:false, exclusive:false. It will be redeclared if the broker stops and is restarted while the connection factory is alive, but all messages will be lost.
2022-09-20 17:08:08.070 [main] INFO  org.springframework.amqp.rabbit.core.RabbitAdmin - Auto-declaring a non-durable, auto-delete, or exclusive Queue (iot.queue.risk.limitareasyn.ydzg.fs) durable:false, auto-delete:false, exclusive:false. It will be redeclared if the broker stops and is restarted while the connection factory is alive, but all messages will be lost.
2022-09-20 17:08:08.070 [main] INFO  org.springframework.amqp.rabbit.core.RabbitAdmin - Auto-declaring a non-durable, auto-delete, or exclusive Queue (iot.queue.risk.limitareasyn.ydzg.nm) durable:false, auto-delete:false, exclusive:false. It will be redeclared if the broker stops and is restarted while the connection factory is alive, but all messages will be lost.
2022-09-20 17:08:08.070 [main] INFO  org.springframework.amqp.rabbit.core.RabbitAdmin - Auto-declaring a non-durable, auto-delete, or exclusive Queue (iot.queue.risk.limitareasyn.ydzg.szft) durable:false, auto-delete:false, exclusive:false. It will be redeclared if the broker stops and is restarted while the connection factory is alive, but all messages will be lost.
2022-09-20 17:08:08.070 [main] INFO  org.springframework.amqp.rabbit.core.RabbitAdmin - Auto-declaring a non-durable, auto-delete, or exclusive Queue (iot.queue.risk.limitareasyn.ydzg.szns) durable:false, auto-delete:false, exclusive:false. It will be redeclared if the broker stops and is restarted while the connection factory is alive, but all messages will be lost.
2022-09-20 17:08:08.070 [main] INFO  org.springframework.amqp.rabbit.core.RabbitAdmin - Auto-declaring a non-durable, auto-delete, or exclusive Queue (iot.queue.risk.limitareasyn.ydzg.dg) durable:false, auto-delete:false, exclusive:false. It will be redeclared if the broker stops and is restarted while the connection factory is alive, but all messages will be lost.
2022-09-20 17:08:08.070 [main] INFO  org.springframework.amqp.rabbit.core.RabbitAdmin - Auto-declaring a non-durable, auto-delete, or exclusive Queue (iot.queue.risk.limitareasyn.ydzg.gzyx) durable:false, auto-delete:false, exclusive:false. It will be redeclared if the broker stops and is restarted while the connection factory is alive, but all messages will be lost.
2022-09-20 17:08:08.070 [main] INFO  org.springframework.amqp.rabbit.core.RabbitAdmin - Auto-declaring a non-durable, auto-delete, or exclusive Queue (iot.queue.risk.overlimitareasyn.ydzg.gz) durable:false, auto-delete:false, exclusive:false. It will be redeclared if the broker stops and is restarted while the connection factory is alive, but all messages will be lost.
2022-09-20 17:08:08.070 [main] INFO  org.springframework.amqp.rabbit.core.RabbitAdmin - Auto-declaring a non-durable, auto-delete, or exclusive Queue (iot.queue.risk.overlimitareasyn.ydzg.fs) durable:false, auto-delete:false, exclusive:false. It will be redeclared if the broker stops and is restarted while the connection factory is alive, but all messages will be lost.
2022-09-20 17:08:08.070 [main] INFO  org.springframework.amqp.rabbit.core.RabbitAdmin - Auto-declaring a non-durable, auto-delete, or exclusive Queue (iot.queue.risk.overlimitareasyn.ydzg.nm) durable:false, auto-delete:false, exclusive:false. It will be redeclared if the broker stops and is restarted while the connection factory is alive, but all messages will be lost.
2022-09-20 17:08:08.070 [main] INFO  org.springframework.amqp.rabbit.core.RabbitAdmin - Auto-declaring a non-durable, auto-delete, or exclusive Queue (iot.queue.risk.overlimitareasyn.ydzg.szft) durable:false, auto-delete:false, exclusive:false. It will be redeclared if the broker stops and is restarted while the connection factory is alive, but all messages will be lost.
2022-09-20 17:08:08.070 [main] INFO  org.springframework.amqp.rabbit.core.RabbitAdmin - Auto-declaring a non-durable, auto-delete, or exclusive Queue (iot.queue.risk.overlimitareasyn.ydzg.szns) durable:false, auto-delete:false, exclusive:false. It will be redeclared if the broker stops and is restarted while the connection factory is alive, but all messages will be lost.
2022-09-20 17:08:08.070 [main] INFO  org.springframework.amqp.rabbit.core.RabbitAdmin - Auto-declaring a non-durable, auto-delete, or exclusive Queue (iot.queue.risk.overlimitareasyn.ydzg.dg) durable:false, auto-delete:false, exclusive:false. It will be redeclared if the broker stops and is restarted while the connection factory is alive, but all messages will be lost.
2022-09-20 17:08:08.070 [main] INFO  org.springframework.amqp.rabbit.core.RabbitAdmin - Auto-declaring a non-durable, auto-delete, or exclusive Queue (iot.queue.risk.overlimitareasyn.ydzg.gzyx) durable:false, auto-delete:false, exclusive:false. It will be redeclared if the broker stops and is restarted while the connection factory is alive, but all messages will be lost.
2022-09-20 17:08:08.070 [main] INFO  org.springframework.amqp.rabbit.core.RabbitAdmin - Auto-declaring a non-durable, auto-delete, or exclusive Queue (iot.queue.risk.overlimitareasyn.ydzg.by) durable:false, auto-delete:false, exclusive:false. It will be redeclared if the broker stops and is restarted while the connection factory is alive, but all messages will be lost.
2022-09-20 17:08:08.070 [main] INFO  org.springframework.amqp.rabbit.core.RabbitAdmin - Auto-declaring a non-durable, auto-delete, or exclusive Queue (iot.queue.risk.realnamesyn.ydzg.gz) durable:false, auto-delete:false, exclusive:false. It will be redeclared if the broker stops and is restarted while the connection factory is alive, but all messages will be lost.
2022-09-20 17:08:08.070 [main] INFO  org.springframework.amqp.rabbit.core.RabbitAdmin - Auto-declaring a non-durable, auto-delete, or exclusive Queue (iot.queue.risk.realnamesyn.ydzg.by) durable:false, auto-delete:false, exclusive:false. It will be redeclared if the broker stops and is restarted while the connection factory is alive, but all messages will be lost.
2022-09-20 17:08:08.070 [main] INFO  org.springframework.amqp.rabbit.core.RabbitAdmin - Auto-declaring a non-durable, auto-delete, or exclusive Queue (iot.queue.risk.realnamesyn.ydzg.fs) durable:false, auto-delete:false, exclusive:false. It will be redeclared if the broker stops and is restarted while the connection factory is alive, but all messages will be lost.
2022-09-20 17:08:08.070 [main] INFO  org.springframework.amqp.rabbit.core.RabbitAdmin - Auto-declaring a non-durable, auto-delete, or exclusive Queue (iot.queue.risk.realnamesyn.ydzg.nm) durable:false, auto-delete:false, exclusive:false. It will be redeclared if the broker stops and is restarted while the connection factory is alive, but all messages will be lost.
2022-09-20 17:08:08.070 [main] INFO  org.springframework.amqp.rabbit.core.RabbitAdmin - Auto-declaring a non-durable, auto-delete, or exclusive Queue (iot.queue.risk.realnamesyn.ydzg.szft) durable:false, auto-delete:false, exclusive:false. It will be redeclared if the broker stops and is restarted while the connection factory is alive, but all messages will be lost.
2022-09-20 17:08:08.070 [main] INFO  org.springframework.amqp.rabbit.core.RabbitAdmin - Auto-declaring a non-durable, auto-delete, or exclusive Queue (iot.queue.risk.realnamesyn.ydzg.szns) durable:false, auto-delete:false, exclusive:false. It will be redeclared if the broker stops and is restarted while the connection factory is alive, but all messages will be lost.
2022-09-20 17:08:08.070 [main] INFO  org.springframework.amqp.rabbit.core.RabbitAdmin - Auto-declaring a non-durable, auto-delete, or exclusive Queue (iot.queue.risk.realnamesyn.ydzg.dg) durable:false, auto-delete:false, exclusive:false. It will be redeclared if the broker stops and is restarted while the connection factory is alive, but all messages will be lost.
2022-09-20 17:08:08.070 [main] INFO  org.springframework.amqp.rabbit.core.RabbitAdmin - Auto-declaring a non-durable, auto-delete, or exclusive Queue (iot.queue.risk.realnamesyn.ydzg.gzyx) durable:false, auto-delete:false, exclusive:false. It will be redeclared if the broker stops and is restarted while the connection factory is alive, but all messages will be lost.
2022-09-20 17:08:19.181 [main] INFO  o.s.scheduling.quartz.SchedulerFactoryBean - Starting Quartz Scheduler now
2022-09-20 17:08:19.185 [main] INFO  org.quartz.core.QuartzScheduler - Scheduler quartzScheduler_$_NON_CLUSTERED started.
2022-09-20 17:08:19.269 [main] INFO  com.fzs.iotcard.business.BusinessApplication - Started BusinessApplication in 57.13 seconds (JVM running for 58.45)
2022-09-20 17:08:19.975 [RMI TCP Connection(5)-127.0.0.1] INFO  o.a.c.c.C.[Tomcat].[localhost].[/iotcard-buss] - Initializing Spring DispatcherServlet 'dispatcherServlet'
2022-09-20 17:08:19.978 [RMI TCP Connection(5)-127.0.0.1] INFO  org.springframework.web.servlet.DispatcherServlet - Initializing Servlet 'dispatcherServlet'
2022-09-20 17:08:20.391 [RMI TCP Connection(5)-127.0.0.1] INFO  org.springframework.web.servlet.DispatcherServlet - Completed initialization in 411 ms

2022-09-20 17:08:08.070 [main] INFO  org.springframework.amqp.rabbit.core.RabbitAdmin - Auto-declaring a non-durable, auto-delete, or exclusive Queue (iot.queue.risk.limitareasyn.ydzg.nm) durable:false, auto-delete:false, exclusive:false. It will be redeclared if the broker stops and is restarted while the connection factory is alive, but all messages will be lost.

2022-09-21 11:27:50.389 [background-preinit] INFO  org.hibernate.validator.internal.util.Version - HV000001: Hibernate Validator 6.0.12.Final
2022-09-21 11:27:50.848 [main] INFO  c.c.f.f.internals.provider.DefaultServerProvider - Environment is set to null. Because it is not available in either (1) JVM system property 'env', (2) OS env variable 'ENV' nor (3) property 'env' from the properties InputStream.
2022-09-21 11:28:06.340 [main] INFO  com.fzs.iotcard.business.BusinessApplication - Starting BusinessApplication on chasedeMacBook-Pro.local with PID 72150 (/Users/chase/IdeaProjects/company/iotcard/business-service/target/classes started by chase in /Users/chase/IdeaProjects/company/iotcard)
2022-09-21 11:28:06.342 [main] INFO  com.fzs.iotcard.business.BusinessApplication - The following profiles are active: chase-elk
2022-09-21 11:28:09.202 [main] INFO  o.s.d.r.config.RepositoryConfigurationDelegate - Multiple Spring Data modules found, entering strict repository configuration mode!
2022-09-21 11:28:09.209 [main] INFO  o.s.d.r.config.RepositoryConfigurationDelegate - Bootstrapping Spring Data Redis repositories in DEFAULT mode.
2022-09-21 11:28:09.347 [main] INFO  o.s.d.r.config.RepositoryConfigurationDelegate - Finished Spring Data repository scanning in 122ms. Found 0 Redis repository interfaces.
2022-09-21 11:28:10.907 [main] INFO  o.s.boot.web.embedded.tomcat.TomcatWebServer - Tomcat initialized with port(s): 8090 (http)
2022-09-21 11:28:10.917 [main] INFO  org.apache.coyote.http11.Http11NioProtocol - Initializing ProtocolHandler ["http-nio-8090"]
2022-09-21 11:28:10.918 [main] INFO  org.apache.catalina.core.StandardService - Starting service [Tomcat]
2022-09-21 11:28:10.918 [main] INFO  org.apache.catalina.core.StandardEngine - Starting Servlet engine: [Apache Tomcat/9.0.38]
2022-09-21 11:28:11.061 [main] INFO  o.a.c.c.C.[Tomcat].[localhost].[/iotcard-buss] - Initializing Spring embedded WebApplicationContext
2022-09-21 11:28:11.062 [main] INFO  o.s.b.w.s.c.ServletWebServerApplicationContext - Root WebApplicationContext: initialization completed in 4383 ms
2022-09-21 11:28:15.891 [main] INFO  org.redisson.Version - Redisson 3.11.2
2022-09-21 11:28:16.292 [redisson-netty-2-17] INFO  org.redisson.connection.pool.MasterConnectionPool - 24 connections initialized for 10.20.70.193/10.20.70.193:7003
2022-09-21 11:28:16.290 [redisson-netty-2-27] INFO  o.r.connection.pool.MasterPubSubConnectionPool - 1 connections initialized for 10.20.70.193/10.20.70.193:7003
2022-09-21 11:28:20.756 [main] INFO  com.zaxxer.hikari.HikariDataSource - HikariPool-1 - Starting...
2022-09-21 11:28:21.494 [main] INFO  com.zaxxer.hikari.HikariDataSource - HikariPool-1 - Start completed.
2022-09-21 11:28:23.269 [main] INFO  o.s.b.actuate.endpoint.web.EndpointLinksResolver - Exposing 2 endpoint(s) beneath base path '/actuator'
2022-09-21 11:28:24.954 [main] INFO  org.quartz.impl.StdSchedulerFactory - Using default implementation for ThreadExecutor
2022-09-21 11:28:24.968 [main] INFO  org.quartz.core.SchedulerSignalerImpl - Initialized Scheduler Signaller of type: class org.quartz.core.SchedulerSignalerImpl
2022-09-21 11:28:24.969 [main] INFO  org.quartz.core.QuartzScheduler - Quartz Scheduler v.2.3.2 created.
2022-09-21 11:28:24.969 [main] INFO  org.quartz.simpl.RAMJobStore - RAMJobStore initialized.
2022-09-21 11:28:24.970 [main] INFO  org.quartz.core.QuartzScheduler - Scheduler meta-data: Quartz Scheduler (v2.3.2) 'quartzScheduler' with instanceId 'NON_CLUSTERED'
  Scheduler class: 'org.quartz.core.QuartzScheduler' - running locally.
  NOT STARTED.
  Currently in standby mode.
  Number of jobs executed: 0
  Using thread pool 'org.quartz.simpl.SimpleThreadPool' - with 10 threads.
  Using job-store 'org.quartz.simpl.RAMJobStore' - which does not support persistence. and is not clustered.

2022-09-21 11:28:24.970 [main] INFO  org.quartz.impl.StdSchedulerFactory - Quartz scheduler 'quartzScheduler' initialized from an externally provided properties instance.
2022-09-21 11:28:24.970 [main] INFO  org.quartz.impl.StdSchedulerFactory - Quartz scheduler version: 2.3.2
2022-09-21 11:28:24.970 [main] INFO  org.quartz.core.QuartzScheduler - JobFactory set to: org.springframework.scheduling.quartz.SpringBeanJobFactory@1dde749e
2022-09-21 11:28:24.988 [main] INFO  o.s.scheduling.concurrent.ThreadPoolTaskScheduler - Initializing ExecutorService 'taskScheduler'
2022-09-21 11:28:25.356 [main] INFO  org.apache.coyote.http11.Http11NioProtocol - Starting ProtocolHandler ["http-nio-8090"]
2022-09-21 11:28:25.378 [main] INFO  o.s.boot.web.embedded.tomcat.TomcatWebServer - Tomcat started on port(s): 8090 (http) with context path '/iotcard-buss'
2022-09-21 11:28:25.380 [main] INFO  com.fzs.iotcard.common.config.StartEventListener - ---[ADMIN-SERVER]---启动完成，当前使用的端口:[8090]，环境变量:[chase-elk]---
2022-09-21 11:28:31.091 [main] INFO  o.s.a.rabbit.connection.CachingConnectionFactory - Attempting to connect to: [10.20.70.228:5672]
2022-09-21 11:28:31.342 [main] INFO  o.s.a.rabbit.connection.CachingConnectionFactory - Created new connection: rabbitConnectionFactory#5be8a92c:0/SimpleConnection@7d3987a6 [delegate=amqp://iot_test@10.20.70.228:5672/, localPort= 59839]
2022-09-21 11:28:31.366 [main] INFO  org.springframework.amqp.rabbit.core.RabbitAdmin - Auto-declaring a non-durable, auto-delete, or exclusive Queue (iot.queue.manual.gprs) durable:false, auto-delete:false, exclusive:false. It will be redeclared if the broker stops and is restarted while the connection factory is alive, but all messages will be lost.
2022-09-21 11:28:31.367 [main] INFO  org.springframework.amqp.rabbit.core.RabbitAdmin - Auto-declaring a non-durable, auto-delete, or exclusive Queue (iot.queue.manual.md) durable:false, auto-delete:false, exclusive:false. It will be redeclared if the broker stops and is restarted while the connection factory is alive, but all messages will be lost.
2022-09-21 11:28:31.367 [main] INFO  org.springframework.amqp.rabbit.core.RabbitAdmin - Auto-declaring a non-durable, auto-delete, or exclusive Queue (iot.queue.business.bill) durable:false, auto-delete:false, exclusive:false. It will be redeclared if the broker stops and is restarted while the connection factory is alive, but all messages will be lost.
2022-09-21 11:28:31.367 [main] INFO  org.springframework.amqp.rabbit.core.RabbitAdmin - Auto-declaring a non-durable, auto-delete, or exclusive Queue (iot.queue.packagechange) durable:false, auto-delete:false, exclusive:false. It will be redeclared if the broker stops and is restarted while the connection factory is alive, but all messages will be lost.
2022-09-21 11:28:31.367 [main] INFO  org.springframework.amqp.rabbit.core.RabbitAdmin - Auto-declaring a non-durable, auto-delete, or exclusive Queue (iot.queue.business.recharge) durable:false, auto-delete:false, exclusive:false. It will be redeclared if the broker stops and is restarted while the connection factory is alive, but all messages will be lost.
2022-09-21 11:28:31.367 [main] INFO  org.springframework.amqp.rabbit.core.RabbitAdmin - Auto-declaring a non-durable, auto-delete, or exclusive Queue (iot.queue.renewal) durable:false, auto-delete:false, exclusive:false. It will be redeclared if the broker stops and is restarted while the connection factory is alive, but all messages will be lost.
2022-09-21 11:28:31.367 [main] INFO  org.springframework.amqp.rabbit.core.RabbitAdmin - Auto-declaring a non-durable, auto-delete, or exclusive Queue (iot.queue.risk.isbindsyn.queue) durable:false, auto-delete:false, exclusive:false. It will be redeclared if the broker stops and is restarted while the connection factory is alive, but all messages will be lost.
2022-09-21 11:28:31.367 [main] INFO  org.springframework.amqp.rabbit.core.RabbitAdmin - Auto-declaring a non-durable, auto-delete, or exclusive Queue (iot.queue.risk.limitareasyn.ydzg.gz) durable:false, auto-delete:false, exclusive:false. It will be redeclared if the broker stops and is restarted while the connection factory is alive, but all messages will be lost.
2022-09-21 11:28:31.367 [main] INFO  org.springframework.amqp.rabbit.core.RabbitAdmin - Auto-declaring a non-durable, auto-delete, or exclusive Queue (iot.queue.risk.limitareasyn.ydzg.by) durable:false, auto-delete:false, exclusive:false. It will be redeclared if the broker stops and is restarted while the connection factory is alive, but all messages will be lost.
2022-09-21 11:28:31.367 [main] INFO  org.springframework.amqp.rabbit.core.RabbitAdmin - Auto-declaring a non-durable, auto-delete, or exclusive Queue (iot.queue.risk.limitareasyn.ydzg.fs) durable:false, auto-delete:false, exclusive:false. It will be redeclared if the broker stops and is restarted while the connection factory is alive, but all messages will be lost.
2022-09-21 11:28:31.367 [main] INFO  org.springframework.amqp.rabbit.core.RabbitAdmin - Auto-declaring a non-durable, auto-delete, or exclusive Queue (iot.queue.risk.limitareasyn.ydzg.nm) durable:false, auto-delete:false, exclusive:false. It will be redeclared if the broker stops and is restarted while the connection factory is alive, but all messages will be lost.
2022-09-21 11:28:31.367 [main] INFO  org.springframework.amqp.rabbit.core.RabbitAdmin - Auto-declaring a non-durable, auto-delete, or exclusive Queue (iot.queue.risk.limitareasyn.ydzg.szft) durable:false, auto-delete:false, exclusive:false. It will be redeclared if the broker stops and is restarted while the connection factory is alive, but all messages will be lost.
2022-09-21 11:28:31.367 [main] INFO  org.springframework.amqp.rabbit.core.RabbitAdmin - Auto-declaring a non-durable, auto-delete, or exclusive Queue (iot.queue.risk.limitareasyn.ydzg.szns) durable:false, auto-delete:false, exclusive:false. It will be redeclared if the broker stops and is restarted while the connection factory is alive, but all messages will be lost.
2022-09-21 11:28:31.367 [main] INFO  org.springframework.amqp.rabbit.core.RabbitAdmin - Auto-declaring a non-durable, auto-delete, or exclusive Queue (iot.queue.risk.limitareasyn.ydzg.dg) durable:false, auto-delete:false, exclusive:false. It will be redeclared if the broker stops and is restarted while the connection factory is alive, but all messages will be lost.
2022-09-21 11:28:31.368 [main] INFO  org.springframework.amqp.rabbit.core.RabbitAdmin - Auto-declaring a non-durable, auto-delete, or exclusive Queue (iot.queue.risk.limitareasyn.ydzg.gzyx) durable:false, auto-delete:false, exclusive:false. It will be redeclared if the broker stops and is restarted while the connection factory is alive, but all messages will be lost.
2022-09-21 11:28:31.368 [main] INFO  org.springframework.amqp.rabbit.core.RabbitAdmin - Auto-declaring a non-durable, auto-delete, or exclusive Queue (iot.queue.risk.overlimitareasyn.ydzg.gz) durable:false, auto-delete:false, exclusive:false. It will be redeclared if the broker stops and is restarted while the connection factory is alive, but all messages will be lost.
2022-09-21 11:28:31.368 [main] INFO  org.springframework.amqp.rabbit.core.RabbitAdmin - Auto-declaring a non-durable, auto-delete, or exclusive Queue (iot.queue.risk.overlimitareasyn.ydzg.fs) durable:false, auto-delete:false, exclusive:false. It will be redeclared if the broker stops and is restarted while the connection factory is alive, but all messages will be lost.
2022-09-21 11:28:31.368 [main] INFO  org.springframework.amqp.rabbit.core.RabbitAdmin - Auto-declaring a non-durable, auto-delete, or exclusive Queue (iot.queue.risk.overlimitareasyn.ydzg.nm) durable:false, auto-delete:false, exclusive:false. It will be redeclared if the broker stops and is restarted while the connection factory is alive, but all messages will be lost.
2022-09-21 11:28:31.368 [main] INFO  org.springframework.amqp.rabbit.core.RabbitAdmin - Auto-declaring a non-durable, auto-delete, or exclusive Queue (iot.queue.risk.overlimitareasyn.ydzg.szft) durable:false, auto-delete:false, exclusive:false. It will be redeclared if the broker stops and is restarted while the connection factory is alive, but all messages will be lost.
2022-09-21 11:28:31.368 [main] INFO  org.springframework.amqp.rabbit.core.RabbitAdmin - Auto-declaring a non-durable, auto-delete, or exclusive Queue (iot.queue.risk.overlimitareasyn.ydzg.szns) durable:false, auto-delete:false, exclusive:false. It will be redeclared if the broker stops and is restarted while the connection factory is alive, but all messages will be lost.
2022-09-21 11:28:31.368 [main] INFO  org.springframework.amqp.rabbit.core.RabbitAdmin - Auto-declaring a non-durable, auto-delete, or exclusive Queue (iot.queue.risk.overlimitareasyn.ydzg.dg) durable:false, auto-delete:false, exclusive:false. It will be redeclared if the broker stops and is restarted while the connection factory is alive, but all messages will be lost.
2022-09-21 11:28:31.368 [main] INFO  org.springframework.amqp.rabbit.core.RabbitAdmin - Auto-declaring a non-durable, auto-delete, or exclusive Queue (iot.queue.risk.overlimitareasyn.ydzg.gzyx) durable:false, auto-delete:false, exclusive:false. It will be redeclared if the broker stops and is restarted while the connection factory is alive, but all messages will be lost.
2022-09-21 11:28:31.368 [main] INFO  org.springframework.amqp.rabbit.core.RabbitAdmin - Auto-declaring a non-durable, auto-delete, or exclusive Queue (iot.queue.risk.overlimitareasyn.ydzg.by) durable:false, auto-delete:false, exclusive:false. It will be redeclared if the broker stops and is restarted while the connection factory is alive, but all messages will be lost.
2022-09-21 11:28:31.368 [main] INFO  org.springframework.amqp.rabbit.core.RabbitAdmin - Auto-declaring a non-durable, auto-delete, or exclusive Queue (iot.queue.risk.realnamesyn.ydzg.gz) durable:false, auto-delete:false, exclusive:false. It will be redeclared if the broker stops and is restarted while the connection factory is alive, but all messages will be lost.
2022-09-21 11:28:31.368 [main] INFO  org.springframework.amqp.rabbit.core.RabbitAdmin - Auto-declaring a non-durable, auto-delete, or exclusive Queue (iot.queue.risk.realnamesyn.ydzg.by) durable:false, auto-delete:false, exclusive:false. It will be redeclared if the broker stops and is restarted while the connection factory is alive, but all messages will be lost.
2022-09-21 11:28:31.368 [main] INFO  org.springframework.amqp.rabbit.core.RabbitAdmin - Auto-declaring a non-durable, auto-delete, or exclusive Queue (iot.queue.risk.realnamesyn.ydzg.fs) durable:false, auto-delete:false, exclusive:false. It will be redeclared if the broker stops and is restarted while the connection factory is alive, but all messages will be lost.
2022-09-21 11:28:31.368 [main] INFO  org.springframework.amqp.rabbit.core.RabbitAdmin - Auto-declaring a non-durable, auto-delete, or exclusive Queue (iot.queue.risk.realnamesyn.ydzg.nm) durable:false, auto-delete:false, exclusive:false. It will be redeclared if the broker stops and is restarted while the connection factory is alive, but all messages will be lost.
2022-09-21 11:28:31.368 [main] INFO  org.springframework.amqp.rabbit.core.RabbitAdmin - Auto-declaring a non-durable, auto-delete, or exclusive Queue (iot.queue.risk.realnamesyn.ydzg.szft) durable:false, auto-delete:false, exclusive:false. It will be redeclared if the broker stops and is restarted while the connection factory is alive, but all messages will be lost.
2022-09-21 11:28:31.368 [main] INFO  org.springframework.amqp.rabbit.core.RabbitAdmin - Auto-declaring a non-durable, auto-delete, or exclusive Queue (iot.queue.risk.realnamesyn.ydzg.szns) durable:false, auto-delete:false, exclusive:false. It will be redeclared if the broker stops and is restarted while the connection factory is alive, but all messages will be lost.
2022-09-21 11:28:31.368 [main] INFO  org.springframework.amqp.rabbit.core.RabbitAdmin - Auto-declaring a non-durable, auto-delete, or exclusive Queue (iot.queue.risk.realnamesyn.ydzg.dg) durable:false, auto-delete:false, exclusive:false. It will be redeclared if the broker stops and is restarted while the connection factory is alive, but all messages will be lost.
2022-09-21 11:28:31.369 [main] INFO  org.springframework.amqp.rabbit.core.RabbitAdmin - Auto-declaring a non-durable, auto-delete, or exclusive Queue (iot.queue.risk.realnamesyn.ydzg.gzyx) durable:false, auto-delete:false, exclusive:false. It will be redeclared if the broker stops and is restarted while the connection factory is alive, but all messages will be lost.
2022-09-21 11:28:41.594 [main] INFO  o.s.scheduling.quartz.SchedulerFactoryBean - Starting Quartz Scheduler now
2022-09-21 11:28:41.597 [main] INFO  org.quartz.core.QuartzScheduler - Scheduler quartzScheduler_$_NON_CLUSTERED started.
2022-09-21 11:28:41.658 [main] INFO  com.fzs.iotcard.business.BusinessApplication - Started BusinessApplication in 54.952 seconds (JVM running for 57.908)
2022-09-21 11:28:42.100 [RMI TCP Connection(13)-10.20.8.80] INFO  o.a.c.c.C.[Tomcat].[localhost].[/iotcard-buss] - Initializing Spring DispatcherServlet 'dispatcherServlet'
2022-09-21 11:28:42.102 [RMI TCP Connection(13)-10.20.8.80] INFO  org.springframework.web.servlet.DispatcherServlet - Initializing Servlet 'dispatcherServlet'
2022-09-21 11:28:42.268 [RMI TCP Connection(13)-10.20.8.80] INFO  org.springframework.web.servlet.DispatcherServlet - Completed initialization in 165 ms
2022-09-21 11:39:29.249 [background-preinit] INFO  org.hibernate.validator.internal.util.Version - HV000001: Hibernate Validator 6.0.12.Final
2022-09-21 11:39:29.349 [main] INFO  c.c.f.f.internals.provider.DefaultServerProvider - Environment is set to null. Because it is not available in either (1) JVM system property 'env', (2) OS env variable 'ENV' nor (3) property 'env' from the properties InputStream.
2022-09-21 11:39:43.603 [main] INFO  com.fzs.iotcard.business.BusinessApplication - Starting BusinessApplication on chasedeMacBook-Pro.local with PID 73028 (/Users/chase/IdeaProjects/company/iotcard/business-service/target/classes started by chase in /Users/chase/IdeaProjects/company/iotcard)
2022-09-21 11:39:43.604 [main] INFO  com.fzs.iotcard.business.BusinessApplication - The following profiles are active: chase-elk
2022-09-21 11:39:46.260 [main] INFO  o.s.d.r.config.RepositoryConfigurationDelegate - Multiple Spring Data modules found, entering strict repository configuration mode!
2022-09-21 11:39:46.263 [main] INFO  o.s.d.r.config.RepositoryConfigurationDelegate - Bootstrapping Spring Data Redis repositories in DEFAULT mode.
2022-09-21 11:39:46.374 [main] INFO  o.s.d.r.config.RepositoryConfigurationDelegate - Finished Spring Data repository scanning in 98ms. Found 0 Redis repository interfaces.
2022-09-21 11:39:47.762 [main] INFO  o.s.boot.web.embedded.tomcat.TomcatWebServer - Tomcat initialized with port(s): 8090 (http)
2022-09-21 11:39:47.771 [main] INFO  org.apache.coyote.http11.Http11NioProtocol - Initializing ProtocolHandler ["http-nio-8090"]
2022-09-21 11:39:47.771 [main] INFO  org.apache.catalina.core.StandardService - Starting service [Tomcat]
2022-09-21 11:39:47.771 [main] INFO  org.apache.catalina.core.StandardEngine - Starting Servlet engine: [Apache Tomcat/9.0.38]
2022-09-21 11:39:47.883 [main] INFO  o.a.c.c.C.[Tomcat].[localhost].[/iotcard-buss] - Initializing Spring embedded WebApplicationContext
2022-09-21 11:39:47.883 [main] INFO  o.s.b.w.s.c.ServletWebServerApplicationContext - Root WebApplicationContext: initialization completed in 3926 ms
2022-09-21 11:39:51.812 [main] INFO  org.redisson.Version - Redisson 3.11.2
2022-09-21 11:39:52.242 [redisson-netty-2-19] INFO  org.redisson.connection.pool.MasterConnectionPool - 24 connections initialized for 10.20.70.193/10.20.70.193:7003
2022-09-21 11:39:52.242 [redisson-netty-2-30] INFO  o.r.connection.pool.MasterPubSubConnectionPool - 1 connections initialized for 10.20.70.193/10.20.70.193:7003
2022-09-21 11:39:56.186 [main] INFO  com.zaxxer.hikari.HikariDataSource - HikariPool-1 - Starting...
2022-09-21 11:39:56.726 [main] INFO  com.zaxxer.hikari.HikariDataSource - HikariPool-1 - Start completed.
2022-09-21 11:39:58.337 [main] INFO  o.s.b.actuate.endpoint.web.EndpointLinksResolver - Exposing 2 endpoint(s) beneath base path '/actuator'
2022-09-21 11:39:59.916 [main] INFO  org.quartz.impl.StdSchedulerFactory - Using default implementation for ThreadExecutor
2022-09-21 11:39:59.927 [main] INFO  org.quartz.core.SchedulerSignalerImpl - Initialized Scheduler Signaller of type: class org.quartz.core.SchedulerSignalerImpl
2022-09-21 11:39:59.928 [main] INFO  org.quartz.core.QuartzScheduler - Quartz Scheduler v.2.3.2 created.
2022-09-21 11:39:59.928 [main] INFO  org.quartz.simpl.RAMJobStore - RAMJobStore initialized.
2022-09-21 11:39:59.929 [main] INFO  org.quartz.core.QuartzScheduler - Scheduler meta-data: Quartz Scheduler (v2.3.2) 'quartzScheduler' with instanceId 'NON_CLUSTERED'
  Scheduler class: 'org.quartz.core.QuartzScheduler' - running locally.
  NOT STARTED.
  Currently in standby mode.
  Number of jobs executed: 0
  Using thread pool 'org.quartz.simpl.SimpleThreadPool' - with 10 threads.
  Using job-store 'org.quartz.simpl.RAMJobStore' - which does not support persistence. and is not clustered.

2022-09-21 11:39:59.929 [main] INFO  org.quartz.impl.StdSchedulerFactory - Quartz scheduler 'quartzScheduler' initialized from an externally provided properties instance.
2022-09-21 11:39:59.929 [main] INFO  org.quartz.impl.StdSchedulerFactory - Quartz scheduler version: 2.3.2
2022-09-21 11:39:59.930 [main] INFO  org.quartz.core.QuartzScheduler - JobFactory set to: org.springframework.scheduling.quartz.SpringBeanJobFactory@48dbf9d
2022-09-21 11:39:59.945 [main] INFO  o.s.scheduling.concurrent.ThreadPoolTaskScheduler - Initializing ExecutorService 'taskScheduler'
2022-09-21 11:40:00.256 [main] INFO  org.apache.coyote.http11.Http11NioProtocol - Starting ProtocolHandler ["http-nio-8090"]
2022-09-21 11:40:00.272 [main] INFO  o.s.boot.web.embedded.tomcat.TomcatWebServer - Tomcat started on port(s): 8090 (http) with context path '/iotcard-buss'
2022-09-21 11:40:00.274 [main] INFO  com.fzs.iotcard.common.config.StartEventListener - ---[ADMIN-SERVER]---启动完成，当前使用的端口:[8090]，环境变量:[chase-elk]---
2022-09-21 11:40:05.433 [main] INFO  o.s.a.rabbit.connection.CachingConnectionFactory - Attempting to connect to: [10.20.70.228:5672]
2022-09-21 11:40:05.660 [main] INFO  o.s.a.rabbit.connection.CachingConnectionFactory - Created new connection: rabbitConnectionFactory#f4b2d13:0/SimpleConnection@44ef04ac [delegate=amqp://iot_test@10.20.70.228:5672/, localPort= 61225]
2022-09-21 11:40:05.670 [main] INFO  org.springframework.amqp.rabbit.core.RabbitAdmin - Auto-declaring a non-durable, auto-delete, or exclusive Queue (iot.queue.manual.gprs) durable:false, auto-delete:false, exclusive:false. It will be redeclared if the broker stops and is restarted while the connection factory is alive, but all messages will be lost.
2022-09-21 11:40:05.671 [main] INFO  org.springframework.amqp.rabbit.core.RabbitAdmin - Auto-declaring a non-durable, auto-delete, or exclusive Queue (iot.queue.manual.md) durable:false, auto-delete:false, exclusive:false. It will be redeclared if the broker stops and is restarted while the connection factory is alive, but all messages will be lost.
2022-09-21 11:40:05.671 [main] INFO  org.springframework.amqp.rabbit.core.RabbitAdmin - Auto-declaring a non-durable, auto-delete, or exclusive Queue (iot.queue.business.bill) durable:false, auto-delete:false, exclusive:false. It will be redeclared if the broker stops and is restarted while the connection factory is alive, but all messages will be lost.
2022-09-21 11:40:05.671 [main] INFO  org.springframework.amqp.rabbit.core.RabbitAdmin - Auto-declaring a non-durable, auto-delete, or exclusive Queue (iot.queue.packagechange) durable:false, auto-delete:false, exclusive:false. It will be redeclared if the broker stops and is restarted while the connection factory is alive, but all messages will be lost.
2022-09-21 11:40:05.671 [main] INFO  org.springframework.amqp.rabbit.core.RabbitAdmin - Auto-declaring a non-durable, auto-delete, or exclusive Queue (iot.queue.business.recharge) durable:false, auto-delete:false, exclusive:false. It will be redeclared if the broker stops and is restarted while the connection factory is alive, but all messages will be lost.
2022-09-21 11:40:05.671 [main] INFO  org.springframework.amqp.rabbit.core.RabbitAdmin - Auto-declaring a non-durable, auto-delete, or exclusive Queue (iot.queue.renewal) durable:false, auto-delete:false, exclusive:false. It will be redeclared if the broker stops and is restarted while the connection factory is alive, but all messages will be lost.
2022-09-21 11:40:05.671 [main] INFO  org.springframework.amqp.rabbit.core.RabbitAdmin - Auto-declaring a non-durable, auto-delete, or exclusive Queue (iot.queue.risk.isbindsyn.queue) durable:false, auto-delete:false, exclusive:false. It will be redeclared if the broker stops and is restarted while the connection factory is alive, but all messages will be lost.
2022-09-21 11:40:05.671 [main] INFO  org.springframework.amqp.rabbit.core.RabbitAdmin - Auto-declaring a non-durable, auto-delete, or exclusive Queue (iot.queue.risk.limitareasyn.ydzg.gz) durable:false, auto-delete:false, exclusive:false. It will be redeclared if the broker stops and is restarted while the connection factory is alive, but all messages will be lost.
2022-09-21 11:40:05.671 [main] INFO  org.springframework.amqp.rabbit.core.RabbitAdmin - Auto-declaring a non-durable, auto-delete, or exclusive Queue (iot.queue.risk.limitareasyn.ydzg.by) durable:false, auto-delete:false, exclusive:false. It will be redeclared if the broker stops and is restarted while the connection factory is alive, but all messages will be lost.
2022-09-21 11:40:05.671 [main] INFO  org.springframework.amqp.rabbit.core.RabbitAdmin - Auto-declaring a non-durable, auto-delete, or exclusive Queue (iot.queue.risk.limitareasyn.ydzg.fs) durable:false, auto-delete:false, exclusive:false. It will be redeclared if the broker stops and is restarted while the connection factory is alive, but all messages will be lost.
2022-09-21 11:40:05.671 [main] INFO  org.springframework.amqp.rabbit.core.RabbitAdmin - Auto-declaring a non-durable, auto-delete, or exclusive Queue (iot.queue.risk.limitareasyn.ydzg.nm) durable:false, auto-delete:false, exclusive:false. It will be redeclared if the broker stops and is restarted while the connection factory is alive, but all messages will be lost.
2022-09-21 11:40:05.671 [main] INFO  org.springframework.amqp.rabbit.core.RabbitAdmin - Auto-declaring a non-durable, auto-delete, or exclusive Queue (iot.queue.risk.limitareasyn.ydzg.szft) durable:false, auto-delete:false, exclusive:false. It will be redeclared if the broker stops and is restarted while the connection factory is alive, but all messages will be lost.
2022-09-21 11:40:05.671 [main] INFO  org.springframework.amqp.rabbit.core.RabbitAdmin - Auto-declaring a non-durable, auto-delete, or exclusive Queue (iot.queue.risk.limitareasyn.ydzg.szns) durable:false, auto-delete:false, exclusive:false. It will be redeclared if the broker stops and is restarted while the connection factory is alive, but all messages will be lost.
2022-09-21 11:40:05.671 [main] INFO  org.springframework.amqp.rabbit.core.RabbitAdmin - Auto-declaring a non-durable, auto-delete, or exclusive Queue (iot.queue.risk.limitareasyn.ydzg.dg) durable:false, auto-delete:false, exclusive:false. It will be redeclared if the broker stops and is restarted while the connection factory is alive, but all messages will be lost.
2022-09-21 11:40:05.671 [main] INFO  org.springframework.amqp.rabbit.core.RabbitAdmin - Auto-declaring a non-durable, auto-delete, or exclusive Queue (iot.queue.risk.limitareasyn.ydzg.gzyx) durable:false, auto-delete:false, exclusive:false. It will be redeclared if the broker stops and is restarted while the connection factory is alive, but all messages will be lost.
2022-09-21 11:40:05.671 [main] INFO  org.springframework.amqp.rabbit.core.RabbitAdmin - Auto-declaring a non-durable, auto-delete, or exclusive Queue (iot.queue.risk.overlimitareasyn.ydzg.gz) durable:false, auto-delete:false, exclusive:false. It will be redeclared if the broker stops and is restarted while the connection factory is alive, but all messages will be lost.
2022-09-21 11:40:05.671 [main] INFO  org.springframework.amqp.rabbit.core.RabbitAdmin - Auto-declaring a non-durable, auto-delete, or exclusive Queue (iot.queue.risk.overlimitareasyn.ydzg.fs) durable:false, auto-delete:false, exclusive:false. It will be redeclared if the broker stops and is restarted while the connection factory is alive, but all messages will be lost.
2022-09-21 11:40:05.671 [main] INFO  org.springframework.amqp.rabbit.core.RabbitAdmin - Auto-declaring a non-durable, auto-delete, or exclusive Queue (iot.queue.risk.overlimitareasyn.ydzg.nm) durable:false, auto-delete:false, exclusive:false. It will be redeclared if the broker stops and is restarted while the connection factory is alive, but all messages will be lost.
2022-09-21 11:40:05.671 [main] INFO  org.springframework.amqp.rabbit.core.RabbitAdmin - Auto-declaring a non-durable, auto-delete, or exclusive Queue (iot.queue.risk.overlimitareasyn.ydzg.szft) durable:false, auto-delete:false, exclusive:false. It will be redeclared if the broker stops and is restarted while the connection factory is alive, but all messages will be lost.
2022-09-21 11:40:05.671 [main] INFO  org.springframework.amqp.rabbit.core.RabbitAdmin - Auto-declaring a non-durable, auto-delete, or exclusive Queue (iot.queue.risk.overlimitareasyn.ydzg.szns) durable:false, auto-delete:false, exclusive:false. It will be redeclared if the broker stops and is restarted while the connection factory is alive, but all messages will be lost.
2022-09-21 11:40:05.671 [main] INFO  org.springframework.amqp.rabbit.core.RabbitAdmin - Auto-declaring a non-durable, auto-delete, or exclusive Queue (iot.queue.risk.overlimitareasyn.ydzg.dg) durable:false, auto-delete:false, exclusive:false. It will be redeclared if the broker stops and is restarted while the connection factory is alive, but all messages will be lost.
2022-09-21 11:40:05.671 [main] INFO  org.springframework.amqp.rabbit.core.RabbitAdmin - Auto-declaring a non-durable, auto-delete, or exclusive Queue (iot.queue.risk.overlimitareasyn.ydzg.gzyx) durable:false, auto-delete:false, exclusive:false. It will be redeclared if the broker stops and is restarted while the connection factory is alive, but all messages will be lost.
2022-09-21 11:40:05.671 [main] INFO  org.springframework.amqp.rabbit.core.RabbitAdmin - Auto-declaring a non-durable, auto-delete, or exclusive Queue (iot.queue.risk.overlimitareasyn.ydzg.by) durable:false, auto-delete:false, exclusive:false. It will be redeclared if the broker stops and is restarted while the connection factory is alive, but all messages will be lost.
2022-09-21 11:40:05.671 [main] INFO  org.springframework.amqp.rabbit.core.RabbitAdmin - Auto-declaring a non-durable, auto-delete, or exclusive Queue (iot.queue.risk.realnamesyn.ydzg.gz) durable:false, auto-delete:false, exclusive:false. It will be redeclared if the broker stops and is restarted while the connection factory is alive, but all messages will be lost.
2022-09-21 11:40:05.671 [main] INFO  org.springframework.amqp.rabbit.core.RabbitAdmin - Auto-declaring a non-durable, auto-delete, or exclusive Queue (iot.queue.risk.realnamesyn.ydzg.by) durable:false, auto-delete:false, exclusive:false. It will be redeclared if the broker stops and is restarted while the connection factory is alive, but all messages will be lost.
2022-09-21 11:40:05.672 [main] INFO  org.springframework.amqp.rabbit.core.RabbitAdmin - Auto-declaring a non-durable, auto-delete, or exclusive Queue (iot.queue.risk.realnamesyn.ydzg.fs) durable:false, auto-delete:false, exclusive:false. It will be redeclared if the broker stops and is restarted while the connection factory is alive, but all messages will be lost.
2022-09-21 11:40:05.672 [main] INFO  org.springframework.amqp.rabbit.core.RabbitAdmin - Auto-declaring a non-durable, auto-delete, or exclusive Queue (iot.queue.risk.realnamesyn.ydzg.nm) durable:false, auto-delete:false, exclusive:false. It will be redeclared if the broker stops and is restarted while the connection factory is alive, but all messages will be lost.
2022-09-21 11:40:05.672 [main] INFO  org.springframework.amqp.rabbit.core.RabbitAdmin - Auto-declaring a non-durable, auto-delete, or exclusive Queue (iot.queue.risk.realnamesyn.ydzg.szft) durable:false, auto-delete:false, exclusive:false. It will be redeclared if the broker stops and is restarted while the connection factory is alive, but all messages will be lost.
2022-09-21 11:40:05.672 [main] INFO  org.springframework.amqp.rabbit.core.RabbitAdmin - Auto-declaring a non-durable, auto-delete, or exclusive Queue (iot.queue.risk.realnamesyn.ydzg.szns) durable:false, auto-delete:false, exclusive:false. It will be redeclared if the broker stops and is restarted while the connection factory is alive, but all messages will be lost.
2022-09-21 11:40:05.672 [main] INFO  org.springframework.amqp.rabbit.core.RabbitAdmin - Auto-declaring a non-durable, auto-delete, or exclusive Queue (iot.queue.risk.realnamesyn.ydzg.dg) durable:false, auto-delete:false, exclusive:false. It will be redeclared if the broker stops and is restarted while the connection factory is alive, but all messages will be lost.
2022-09-21 11:40:05.672 [main] INFO  org.springframework.amqp.rabbit.core.RabbitAdmin - Auto-declaring a non-durable, auto-delete, or exclusive Queue (iot.queue.risk.realnamesyn.ydzg.gzyx) durable:false, auto-delete:false, exclusive:false. It will be redeclared if the broker stops and is restarted while the connection factory is alive, but all messages will be lost.
2022-09-21 11:40:13.328 [main] INFO  o.s.scheduling.quartz.SchedulerFactoryBean - Starting Quartz Scheduler now
2022-09-21 11:40:13.343 [main] INFO  org.quartz.core.QuartzScheduler - Scheduler quartzScheduler_$_NON_CLUSTERED started.
2022-09-21 11:40:13.390 [main] INFO  com.fzs.iotcard.business.BusinessApplication - Started BusinessApplication in 45.029 seconds (JVM running for 46.31)
2022-09-21 11:40:14.291 [RMI TCP Connection(3)-127.0.0.1] INFO  o.a.c.c.C.[Tomcat].[localhost].[/iotcard-buss] - Initializing Spring DispatcherServlet 'dispatcherServlet'
2022-09-21 11:40:14.295 [RMI TCP Connection(3)-127.0.0.1] INFO  org.springframework.web.servlet.DispatcherServlet - Initializing Servlet 'dispatcherServlet'
2022-09-21 11:40:14.511 [RMI TCP Connection(3)-127.0.0.1] INFO  org.springframework.web.servlet.DispatcherServlet - Completed initialization in 214 ms
2022-09-21 16:25:54.085 [org.springframework.amqp.rabbit.RabbitListenerEndpointContainer#5-1] INFO  o.s.a.r.listener.SimpleMessageListenerContainer - Restarting Consumer@5c608988: tags=[[amq.ctag-IA9OXjb3C6Boc8IBDaDfyQ]], channel=Cached Rabbit Channel: AMQChannel(amqp://iot_test@10.20.70.228:5672/,15), conn: Proxy@1fa81c78 Shared Rabbit Connection: SimpleConnection@44ef04ac [delegate=amqp://iot_test@10.20.70.228:5672/, localPort= 61225], acknowledgeMode=MANUAL local queue size=0
2022-09-21 16:25:54.085 [org.springframework.amqp.rabbit.RabbitListenerEndpointContainer#19-1] INFO  o.s.a.r.listener.SimpleMessageListenerContainer - Restarting Consumer@4d7933e7: tags=[[amq.ctag-JdVjs-BCDkKhSl4umujLKA]], channel=Cached Rabbit Channel: AMQChannel(amqp://iot_test@10.20.70.228:5672/,31), conn: Proxy@1fa81c78 Shared Rabbit Connection: SimpleConnection@44ef04ac [delegate=amqp://iot_test@10.20.70.228:5672/, localPort= 61225], acknowledgeMode=MANUAL local queue size=0
2022-09-21 16:25:54.085 [org.springframework.amqp.rabbit.RabbitListenerEndpointContainer#27-1] INFO  o.s.a.r.listener.SimpleMessageListenerContainer - Restarting Consumer@7fa0f739: tags=[[amq.ctag-gjOly9Thp6bBWc2IMeMc8Q]], channel=Cached Rabbit Channel: AMQChannel(amqp://iot_test@10.20.70.228:5672/,21), conn: Proxy@1fa81c78 Shared Rabbit Connection: SimpleConnection@44ef04ac [delegate=amqp://iot_test@10.20.70.228:5672/, localPort= 61225], acknowledgeMode=MANUAL local queue size=0
2022-09-21 16:25:54.085 [org.springframework.amqp.rabbit.RabbitListenerEndpointContainer#1-1] INFO  o.s.a.r.listener.SimpleMessageListenerContainer - Restarting Consumer@790bcc24: tags=[[amq.ctag-u4cKdkrRJMhEasB9BgcYiQ]], channel=Cached Rabbit Channel: AMQChannel(amqp://iot_test@10.20.70.228:5672/,7), conn: Proxy@1fa81c78 Shared Rabbit Connection: SimpleConnection@44ef04ac [delegate=amqp://iot_test@10.20.70.228:5672/, localPort= 61225], acknowledgeMode=MANUAL local queue size=0
2022-09-21 16:25:54.085 [org.springframework.amqp.rabbit.RabbitListenerEndpointContainer#2-1] INFO  o.s.a.r.listener.SimpleMessageListenerContainer - Restarting Consumer@2de08488: tags=[[amq.ctag-diIlhrqzca3wY1zl3hw_OQ]], channel=Cached Rabbit Channel: AMQChannel(amqp://iot_test@10.20.70.228:5672/,8), conn: Proxy@1fa81c78 Shared Rabbit Connection: SimpleConnection@44ef04ac [delegate=amqp://iot_test@10.20.70.228:5672/, localPort= 61225], acknowledgeMode=MANUAL local queue size=0
2022-09-21 16:25:54.085 [org.springframework.amqp.rabbit.RabbitListenerEndpointContainer#4-2] INFO  o.s.a.r.listener.SimpleMessageListenerContainer - Restarting Consumer@4d0c609: tags=[[amq.ctag-c9EPXd9D2f9AhtnuSAKodg]], channel=Cached Rabbit Channel: AMQChannel(amqp://iot_test@10.20.70.228:5672/,14), conn: Proxy@1fa81c78 Shared Rabbit Connection: SimpleConnection@44ef04ac [delegate=amqp://iot_test@10.20.70.228:5672/, localPort= 61225], acknowledgeMode=MANUAL local queue size=0
2022-09-21 16:25:54.085 [org.springframework.amqp.rabbit.RabbitListenerEndpointContainer#20-1] INFO  o.s.a.r.listener.SimpleMessageListenerContainer - Restarting Consumer@45571cc9: tags=[[amq.ctag-1ghecCZuIaQIhLLPuVCTeQ]], channel=Cached Rabbit Channel: AMQChannel(amqp://iot_test@10.20.70.228:5672/,29), conn: Proxy@1fa81c78 Shared Rabbit Connection: SimpleConnection@44ef04ac [delegate=amqp://iot_test@10.20.70.228:5672/, localPort= 61225], acknowledgeMode=MANUAL local queue size=0
2022-09-21 16:25:54.104 [org.springframework.amqp.rabbit.RabbitListenerEndpointContainer#8-1] INFO  o.s.a.r.listener.SimpleMessageListenerContainer - Restarting Consumer@46179420: tags=[[amq.ctag-i49cs9r9jh975kJsRF3umA]], channel=Cached Rabbit Channel: AMQChannel(amqp://iot_test@10.20.70.228:5672/,19), conn: Proxy@1fa81c78 Shared Rabbit Connection: SimpleConnection@44ef04ac [delegate=amqp://iot_test@10.20.70.228:5672/, localPort= 61225], acknowledgeMode=MANUAL local queue size=0
2022-09-21 16:25:54.123 [org.springframework.amqp.rabbit.RabbitListenerEndpointContainer#19-2] INFO  o.s.a.rabbit.connection.CachingConnectionFactory - Attempting to connect to: [10.20.70.228:5672]
2022-09-21 16:25:54.121 [org.springframework.amqp.rabbit.RabbitListenerEndpointContainer#23-1] INFO  o.s.a.r.listener.SimpleMessageListenerContainer - Restarting Consumer@3e99738e: tags=[[amq.ctag-OvcTYjzeBvgqe0SzlNjbUA]], channel=Cached Rabbit Channel: AMQChannel(amqp://iot_test@10.20.70.228:5672/,25), conn: Proxy@1fa81c78 Shared Rabbit Connection: SimpleConnection@44ef04ac [delegate=amqp://iot_test@10.20.70.228:5672/, localPort= 61225], acknowledgeMode=MANUAL local queue size=0
2022-09-21 16:25:54.132 [org.springframework.amqp.rabbit.RabbitListenerEndpointContainer#9-1] INFO  o.s.a.r.listener.SimpleMessageListenerContainer - Restarting Consumer@1172d47: tags=[[amq.ctag-6gRjeMFHa4ZgodvNZJT_Cw]], channel=Cached Rabbit Channel: AMQChannel(amqp://iot_test@10.20.70.228:5672/,20), conn: Proxy@1fa81c78 Shared Rabbit Connection: null, acknowledgeMode=MANUAL local queue size=0
2022-09-21 16:25:54.164 [org.springframework.amqp.rabbit.RabbitListenerEndpointContainer#28-1] INFO  o.s.a.r.listener.SimpleMessageListenerContainer - Restarting Consumer@4731c9af: tags=[[amq.ctag-5OD6HQuMh9DOX97hpALtrQ]], channel=Cached Rabbit Channel: AMQChannel(amqp://iot_test@10.20.70.228:5672/,22), conn: Proxy@1fa81c78 Shared Rabbit Connection: null, acknowledgeMode=MANUAL local queue size=0
2022-09-21 16:25:54.178 [org.springframework.amqp.rabbit.RabbitListenerEndpointContainer#22-1] INFO  o.s.a.r.listener.SimpleMessageListenerContainer - Restarting Consumer@30075210: tags=[[amq.ctag-clyu_UpiNc0-OaqJB6QNPQ]], channel=Cached Rabbit Channel: AMQChannel(amqp://iot_test@10.20.70.228:5672/,28), conn: Proxy@1fa81c78 Shared Rabbit Connection: null, acknowledgeMode=MANUAL local queue size=0
2022-09-21 16:25:54.189 [org.springframework.amqp.rabbit.RabbitListenerEndpointContainer#30-1] INFO  o.s.a.r.listener.SimpleMessageListenerContainer - Restarting Consumer@2e652f4e: tags=[[amq.ctag-jB5jEANob90BjyfsN6ZvTg]], channel=Cached Rabbit Channel: AMQChannel(amqp://iot_test@10.20.70.228:5672/,5), conn: Proxy@1fa81c78 Shared Rabbit Connection: null, acknowledgeMode=MANUAL local queue size=0
2022-09-21 16:25:54.207 [org.springframework.amqp.rabbit.RabbitListenerEndpointContainer#6-1] INFO  o.s.a.r.listener.SimpleMessageListenerContainer - Restarting Consumer@559048b3: tags=[[amq.ctag-EXLn04vy3Fitzhs-O3BZeA]], channel=Cached Rabbit Channel: AMQChannel(amqp://iot_test@10.20.70.228:5672/,16), conn: Proxy@1fa81c78 Shared Rabbit Connection: null, acknowledgeMode=AUTO local queue size=0
2022-09-21 16:25:54.207 [org.springframework.amqp.rabbit.RabbitListenerEndpointContainer#17-1] INFO  o.s.a.r.listener.SimpleMessageListenerContainer - Restarting Consumer@37a709bc: tags=[[amq.ctag-JAXKajsNk1gw8ySqXTZYXw]], channel=Cached Rabbit Channel: AMQChannel(amqp://iot_test@10.20.70.228:5672/,33), conn: Proxy@1fa81c78 Shared Rabbit Connection: null, acknowledgeMode=MANUAL local queue size=0
2022-09-21 16:25:54.235 [org.springframework.amqp.rabbit.RabbitListenerEndpointContainer#24-1] INFO  o.s.a.r.listener.SimpleMessageListenerContainer - Restarting Consumer@59253557: tags=[[amq.ctag-_R14a8S9CNuvCtkLZvADoQ]], channel=Cached Rabbit Channel: AMQChannel(amqp://iot_test@10.20.70.228:5672/,26), conn: Proxy@1fa81c78 Shared Rabbit Connection: null, acknowledgeMode=MANUAL local queue size=0
2022-09-21 16:25:54.236 [org.springframework.amqp.rabbit.RabbitListenerEndpointContainer#15-1] INFO  o.s.a.r.listener.SimpleMessageListenerContainer - Restarting Consumer@5d22dd52: tags=[[amq.ctag-xvWQ7xoP1Nnkfaamsgtw7Q]], channel=Cached Rabbit Channel: AMQChannel(amqp://iot_test@10.20.70.228:5672/,35), conn: Proxy@1fa81c78 Shared Rabbit Connection: null, acknowledgeMode=MANUAL local queue size=0
2022-09-21 16:25:54.250 [org.springframework.amqp.rabbit.RabbitListenerEndpointContainer#18-1] INFO  o.s.a.r.listener.SimpleMessageListenerContainer - Restarting Consumer@4d7687f9: tags=[[amq.ctag-ZCW6G-xXTUOwSaRc2ZIRcQ]], channel=Cached Rabbit Channel: AMQChannel(amqp://iot_test@10.20.70.228:5672/,30), conn: Proxy@1fa81c78 Shared Rabbit Connection: null, acknowledgeMode=MANUAL local queue size=0
2022-09-21 16:25:54.255 [org.springframework.amqp.rabbit.RabbitListenerEndpointContainer#11-1] INFO  o.s.a.r.listener.SimpleMessageListenerContainer - Restarting Consumer@5fab1ec6: tags=[[amq.ctag-0MXi2EYHJNtXcaO5VtH53w]], channel=Cached Rabbit Channel: AMQChannel(amqp://iot_test@10.20.70.228:5672/,4), conn: Proxy@1fa81c78 Shared Rabbit Connection: null, acknowledgeMode=MANUAL local queue size=0
2022-09-21 16:25:54.272 [org.springframework.amqp.rabbit.RabbitListenerEndpointContainer#21-1] INFO  o.s.a.r.listener.SimpleMessageListenerContainer - Restarting Consumer@14fda568: tags=[[amq.ctag-Bi79ohhTEC9Nrlj9iEDiWA]], channel=Cached Rabbit Channel: AMQChannel(amqp://iot_test@10.20.70.228:5672/,27), conn: Proxy@1fa81c78 Shared Rabbit Connection: null, acknowledgeMode=MANUAL local queue size=0
2022-09-21 16:25:54.277 [org.springframework.amqp.rabbit.RabbitListenerEndpointContainer#16-1] INFO  o.s.a.r.listener.SimpleMessageListenerContainer - Restarting Consumer@2dedf1c9: tags=[[amq.ctag-31w48xZuzl-SOrmyD4ShuQ]], channel=Cached Rabbit Channel: AMQChannel(amqp://iot_test@10.20.70.228:5672/,32), conn: Proxy@1fa81c78 Shared Rabbit Connection: null, acknowledgeMode=MANUAL local queue size=0
2022-09-21 16:25:54.443 [org.springframework.amqp.rabbit.RabbitListenerEndpointContainer#26-1] INFO  o.s.a.r.listener.SimpleMessageListenerContainer - Restarting Consumer@4f1d97d8: tags=[[amq.ctag-ShUBWLdcW2F0XWRUSnyIqQ]], channel=Cached Rabbit Channel: AMQChannel(amqp://iot_test@10.20.70.228:5672/,24), conn: Proxy@1fa81c78 Shared Rabbit Connection: null, acknowledgeMode=MANUAL local queue size=0
2022-09-21 16:25:54.815 [org.springframework.amqp.rabbit.RabbitListenerEndpointContainer#7-1] INFO  o.s.a.r.listener.SimpleMessageListenerContainer - Restarting Consumer@1fee3a40: tags=[[amq.ctag-7H5bF6nZegq2SC6JE1mwsw]], channel=Cached Rabbit Channel: AMQChannel(amqp://iot_test@10.20.70.228:5672/,17), conn: Proxy@1fa81c78 Shared Rabbit Connection: null, acknowledgeMode=MANUAL local queue size=0
2022-09-21 16:25:54.828 [org.springframework.amqp.rabbit.RabbitListenerEndpointContainer#4-4] INFO  o.s.a.r.listener.SimpleMessageListenerContainer - Restarting Consumer@cce5ae3: tags=[[amq.ctag-u_Ahzx-rMpGzbCAEy1UU0g]], channel=Cached Rabbit Channel: AMQChannel(amqp://iot_test@10.20.70.228:5672/,12), conn: Proxy@1fa81c78 Shared Rabbit Connection: null, acknowledgeMode=MANUAL local queue size=0
2022-09-21 16:25:54.846 [org.springframework.amqp.rabbit.RabbitListenerEndpointContainer#13-1] INFO  o.s.a.r.listener.SimpleMessageListenerContainer - Restarting Consumer@6a76eef: tags=[[amq.ctag--sLiLxH-T6ZBhVZUlwYepg]], channel=Cached Rabbit Channel: AMQChannel(amqp://iot_test@10.20.70.228:5672/,2), conn: Proxy@1fa81c78 Shared Rabbit Connection: null, acknowledgeMode=MANUAL local queue size=0
2022-09-21 16:25:54.846 [org.springframework.amqp.rabbit.RabbitListenerEndpointContainer#3-1] INFO  o.s.a.r.listener.SimpleMessageListenerContainer - Restarting Consumer@684329d1: tags=[[amq.ctag-yc00yKQAsJNmyuy_dpccZA]], channel=Cached Rabbit Channel: AMQChannel(amqp://iot_test@10.20.70.228:5672/,9), conn: Proxy@1fa81c78 Shared Rabbit Connection: null, acknowledgeMode=AUTO local queue size=0
2022-09-21 16:25:54.850 [org.springframework.amqp.rabbit.RabbitListenerEndpointContainer#4-3] INFO  o.s.a.r.listener.SimpleMessageListenerContainer - Restarting Consumer@eac35fd: tags=[[amq.ctag-R53DaxUYgQDIVs9fjjzuuA]], channel=Cached Rabbit Channel: AMQChannel(amqp://iot_test@10.20.70.228:5672/,13), conn: Proxy@1fa81c78 Shared Rabbit Connection: null, acknowledgeMode=MANUAL local queue size=0
2022-09-21 16:25:54.873 [org.springframework.amqp.rabbit.RabbitListenerEndpointContainer#4-1] INFO  o.s.a.r.listener.SimpleMessageListenerContainer - Restarting Consumer@4faf32a7: tags=[[amq.ctag-uiUPpqQ6jBhL5ucSh3Ogyw]], channel=Cached Rabbit Channel: AMQChannel(amqp://iot_test@10.20.70.228:5672/,10), conn: Proxy@1fa81c78 Shared Rabbit Connection: null, acknowledgeMode=MANUAL local queue size=0
2022-09-21 16:25:54.873 [org.springframework.amqp.rabbit.RabbitListenerEndpointContainer#25-1] INFO  o.s.a.r.listener.SimpleMessageListenerContainer - Restarting Consumer@5c7673b8: tags=[[amq.ctag-Wn4TAU__m7dvCJs3iAbXTQ]], channel=Cached Rabbit Channel: AMQChannel(amqp://iot_test@10.20.70.228:5672/,23), conn: Proxy@1fa81c78 Shared Rabbit Connection: null, acknowledgeMode=MANUAL local queue size=0
2022-09-21 16:25:54.892 [org.springframework.amqp.rabbit.RabbitListenerEndpointContainer#10-1] INFO  o.s.a.r.listener.SimpleMessageListenerContainer - Restarting Consumer@3c81f484: tags=[[amq.ctag-Yw0tGKZNlQpDzPgZUr0K2g]], channel=Cached Rabbit Channel: AMQChannel(amqp://iot_test@10.20.70.228:5672/,3), conn: Proxy@1fa81c78 Shared Rabbit Connection: null, acknowledgeMode=MANUAL local queue size=0
2022-09-21 16:25:54.898 [org.springframework.amqp.rabbit.RabbitListenerEndpointContainer#4-5] INFO  o.s.a.r.listener.SimpleMessageListenerContainer - Restarting Consumer@3ed3990d: tags=[[amq.ctag-B0P5C3j72RRYOzbBcVh0Yg]], channel=Cached Rabbit Channel: AMQChannel(amqp://iot_test@10.20.70.228:5672/,11), conn: Proxy@1fa81c78 Shared Rabbit Connection: null, acknowledgeMode=MANUAL local queue size=0
2022-09-21 16:25:54.903 [org.springframework.amqp.rabbit.RabbitListenerEndpointContainer#12-1] INFO  o.s.a.r.listener.SimpleMessageListenerContainer - Restarting Consumer@5793cd84: tags=[[amq.ctag-fK5gR9qvFjEurwLt5SEm4A]], channel=Cached Rabbit Channel: AMQChannel(amqp://iot_test@10.20.70.228:5672/,1), conn: Proxy@1fa81c78 Shared Rabbit Connection: null, acknowledgeMode=MANUAL local queue size=0
2022-09-21 16:25:54.903 [org.springframework.amqp.rabbit.RabbitListenerEndpointContainer#14-1] INFO  o.s.a.r.listener.SimpleMessageListenerContainer - Restarting Consumer@4e8fab14: tags=[[amq.ctag-nWlt_paqYHhrAoNuOLbY8A]], channel=Cached Rabbit Channel: AMQChannel(amqp://iot_test@10.20.70.228:5672/,34), conn: Proxy@1fa81c78 Shared Rabbit Connection: null, acknowledgeMode=MANUAL local queue size=0
2022-09-21 16:25:54.906 [org.springframework.amqp.rabbit.RabbitListenerEndpointContainer#0-1] INFO  o.s.a.r.listener.SimpleMessageListenerContainer - Restarting Consumer@7d0e5fbb: tags=[[amq.ctag-fmdTYfE2CDgN2lXeqd4GWA]], channel=Cached Rabbit Channel: AMQChannel(amqp://iot_test@10.20.70.228:5672/,6), conn: Proxy@1fa81c78 Shared Rabbit Connection: null, acknowledgeMode=MANUAL local queue size=0
2022-09-21 16:25:54.929 [org.springframework.amqp.rabbit.RabbitListenerEndpointContainer#29-1] INFO  o.s.a.r.listener.SimpleMessageListenerContainer - Restarting Consumer@39716249: tags=[[amq.ctag-jSDMwXu5coMPdUbTByDCwA]], channel=Cached Rabbit Channel: AMQChannel(amqp://iot_test@10.20.70.228:5672/,18), conn: Proxy@1fa81c78 Shared Rabbit Connection: null, acknowledgeMode=MANUAL local queue size=0
2022-09-21 16:27:09.147 [org.springframework.amqp.rabbit.RabbitListenerEndpointContainer#29-2] INFO  o.s.a.rabbit.connection.CachingConnectionFactory - Attempting to connect to: [10.20.70.228:5672]
2022-09-21 16:28:24.159 [org.springframework.amqp.rabbit.RabbitListenerEndpointContainer#0-2] INFO  o.s.a.rabbit.connection.CachingConnectionFactory - Attempting to connect to: [10.20.70.228:5672]
2022-09-21 16:29:39.180 [org.springframework.amqp.rabbit.RabbitListenerEndpointContainer#14-2] INFO  o.s.a.rabbit.connection.CachingConnectionFactory - Attempting to connect to: [10.20.70.228:5672]
2022-09-21 16:30:54.192 [org.springframework.amqp.rabbit.RabbitListenerEndpointContainer#12-2] INFO  o.s.a.rabbit.connection.CachingConnectionFactory - Attempting to connect to: [10.20.70.228:5672]
2022-09-21 16:32:09.205 [org.springframework.amqp.rabbit.RabbitListenerEndpointContainer#10-2] INFO  o.s.a.rabbit.connection.CachingConnectionFactory - Attempting to connect to: [10.20.70.228:5672]
2022-09-21 16:33:24.217 [org.springframework.amqp.rabbit.RabbitListenerEndpointContainer#25-2] INFO  o.s.a.rabbit.connection.CachingConnectionFactory - Attempting to connect to: [10.20.70.228:5672]
2022-09-21 16:34:39.232 [org.springframework.amqp.rabbit.RabbitListenerEndpointContainer#3-2] INFO  o.s.a.rabbit.connection.CachingConnectionFactory - Attempting to connect to: [10.20.70.228:5672]
2022-09-21 16:35:54.248 [org.springframework.amqp.rabbit.RabbitListenerEndpointContainer#13-2] INFO  o.s.a.rabbit.connection.CachingConnectionFactory - Attempting to connect to: [10.20.70.228:5672]
